<?xml version="1.0" encoding="utf-8"?>
<TestRun id="6e48e79c-5dd4-4707-a768-9c271451e0da" name="@1504967e30d6 2020-07-23 13:44:34" xmlns="http://microsoft.com/schemas/VisualStudio/TeamTest/2010">
  <Times creation="2020-07-23T13:44:34.4484153+00:00" queuing="2020-07-23T13:44:34.4484154+00:00" start="2020-07-23T13:44:33.2533698+00:00" finish="2020-07-23T13:44:34.4607595+00:00" />
  <TestSettings name="default" id="2342e5a5-a2f3-4b7d-b88b-1e14b9f797cd">
    <Deployment runDeploymentRoot="_1504967e30d6_2020-07-23_13_44_34" />
  </TestSettings>
  <Results>
    <UnitTestResult executionId="7647ac76-d8c8-4741-be27-10deb7e1f657" testId="d3fd6227-5612-f0de-99de-6ec3afee4a4a" testName="Test1" computerName="1504967e30d6" duration="00:00:00.0319010" startTime="2020-07-23T13:44:34.0000000+00:00" endTime="2020-07-23T13:44:34.0000000+00:00" testType="13cdc9d9-ddb5-4fa4-a97d-d965ccfc6d4b" outcome="Failed" testListId="8c84fa94-04c1-424b-9868-57a2d4851a1d" relativeResultsDirectory="7647ac76-d8c8-4741-be27-10deb7e1f657">
      <Output>
        <ErrorInfo>
          <StackTrace>   at CICDDockerBuildDemo.Tests.Unit.Tests.Test1() in /app/CICDDockerBuildDemo.Tests.Unit/UnitTest1.cs:line 15
</StackTrace>
        </ErrorInfo>
      </Output>
    </UnitTestResult>
  </Results>
  <TestDefinitions>
    <UnitTest name="Test1" storage="/app/cicddockerbuilddemo.tests.unit/bin/debug/netcoreapp3.1/cicddockerbuilddemo.tests.unit.dll" id="d3fd6227-5612-f0de-99de-6ec3afee4a4a">
      <Execution id="7647ac76-d8c8-4741-be27-10deb7e1f657" />
      <TestMethod codeBase="/app/CICDDockerBuildDemo.Tests.Unit/bin/Debug/netcoreapp3.1/CICDDockerBuildDemo.Tests.Unit.dll" adapterTypeName="executor://nunit3testexecutor/" className="CICDDockerBuildDemo.Tests.Unit.Tests" name="Test1" />
    </UnitTest>
  </TestDefinitions>
  <TestEntries>
    <TestEntry testId="d3fd6227-5612-f0de-99de-6ec3afee4a4a" executionId="7647ac76-d8c8-4741-be27-10deb7e1f657" testListId="8c84fa94-04c1-424b-9868-57a2d4851a1d" />
  </TestEntries>
  <TestLists>
    <TestList name="Results Not in a List" id="8c84fa94-04c1-424b-9868-57a2d4851a1d" />
    <TestList name="All Loaded Results" id="19431567-8539-422a-85d7-44ee4e166bda" />
  </TestLists>
  <ResultSummary outcome="Failed">
    <Counters total="1" executed="1" passed="0" failed="1" error="0" timeout="0" aborted="0" inconclusive="0" passedButRunAborted="0" notRunnable="0" notExecuted="0" disconnected="0" warning="0" completed="0" inProgress="0" pending="0" />
    <Output>
      <StdOut>NUnit Adapter 3.15.1.0: Test execution started
Running all tests in /app/CICDDockerBuildDemo.Tests.Unit/bin/Debug/netcoreapp3.1/CICDDockerBuildDemo.Tests.Unit.dll
   NUnit3TestExecutor converted 1 of 1 NUnit test cases
NUnit Adapter 3.15.1.0: Test execution complete
</StdOut>
    </Output>
    <CollectorDataEntries>
      <Collector agentName="1504967e30d6" uri="datacollector://microsoft/CoverletCodeCoverage/1.0" collectorDisplayName="XPlat code coverage">
        <UriAttachments>
          <UriAttachment>
            <A href="1504967e30d6/coverage.cobertura.xml"></A>
          </UriAttachment>
        </UriAttachments>
      </Collector>
    </CollectorDataEntries>
  </ResultSummary>
</TestRun>